#
# A fatal error has been detected by the Java Runtime Environment:
#
#  Internal Error (javaClasses.cpp:136), pid=4888, tid=304
#  fatal error: Invalid layout of preloaded class
#
# JRE version:  (7.0_51-b13) (build )
# Java VM: Java HotSpot(TM) Client VM (24.51-b03 mixed mode windows-x86 )
# Failed to write core dump. Minidumps are not enabled by default on client versions of Windows
#
# If you would like to submit a bug report, please visit:
#   http://bugreport.sun.com/bugreport/crash.jsp
#

---------------  T H R E A D  ---------------

Current thread (0x001cc400):  JavaThread "Unknown thread" [_thread_in_vm, id=304, stack(0x00400000,0x00450000)]

Stack: [0x00400000,0x00450000],  sp=0x0044f304,  free space=316k
Native frames: (J=compiled Java code, j=interpreted, Vv=VM code, C=native code)
V  [jvm.dll+0x18e0f1]
V  [jvm.dll+0x187e66]
V  [jvm.dll+0x3586a]
V  [jvm.dll+0x358f6]
V  [jvm.dll+0x4400d]
V  [jvm.dll+0x442be]
V  [jvm.dll+0x9263a]
V  [jvm.dll+0x929eb]
V  [jvm.dll+0x13dc51]
V  [jvm.dll+0x16076c]
V  [jvm.dll+0xc8ebf]
C  [javaw.exe+0x13ce]
C  [javaw.exe+0x1e40]
C  [javaw.exe+0xa5b1]
C  [javaw.exe+0xa63b]
C  [kernel32.dll+0x1338a]
C  [ntdll.dll+0x39f72]
C  [ntdll.dll+0x39f45]


---------------  P R O C E S S  ---------------

Java Threads: ( => current thread )

Other Threads:

=>0x001cc400 (exited) JavaThread "Unknown thread" [_thread_in_vm, id=304, stack(0x00400000,0x00450000)]

VM state:not at safepoint (not fully initialized)

VM Mutex/Monitor currently owned by a thread: None

GC Heap History (0 events):
No events

Deoptimization events (0 events):
No events

Internal exceptions (0 events):
No events

Events (10 events):
Event: 0.014 loading class 0x02219770 done
Event: 0.014 loading class 0x02219200 done
Event: 0.014 loading class 0x022191e0
Event: 0.014 loading class 0x02220508
Event: 0.014 loading class 0x02220508 done
Event: 0.014 loading class 0x02220538
Event: 0.014 loading class 0x02220538 done
Event: 0.014 loading class 0x02220568
Event: 0.014 loading class 0x02220568 done
Event: 0.014 loading class 0x022191e0 done


Dynamic libraries:
0x00940000 - 0x0096f000 	C:\Program Files (x86)\Java\jre7\bin\javaw.exe
0x77570000 - 0x776f0000 	C:\Windows\SysWOW64\ntdll.dll
0x759b0000 - 0x75ac0000 	C:\Windows\syswow64\kernel32.dll
0x75940000 - 0x75987000 	C:\Windows\syswow64\KERNELBASE.dll
0x752e0000 - 0x75380000 	C:\Windows\syswow64\ADVAPI32.dll
0x750d0000 - 0x7517c000 	C:\Windows\syswow64\msvcrt.dll
0x76e50000 - 0x76e69000 	C:\Windows\SysWOW64\sechost.dll
0x76e70000 - 0x76f60000 	C:\Windows\syswow64\RPCRT4.dll
0x74fa0000 - 0x75000000 	C:\Windows\syswow64\SspiCli.dll
0x74f90000 - 0x74f9c000 	C:\Windows\syswow64\CRYPTBASE.dll
0x751e0000 - 0x752e0000 	C:\Windows\syswow64\USER32.dll
0x770c0000 - 0x77150000 	C:\Windows\syswow64\GDI32.dll
0x75d50000 - 0x75d5a000 	C:\Windows\syswow64\LPK.dll
0x75710000 - 0x757ad000 	C:\Windows\syswow64\USP10.dll
0x74590000 - 0x7472e000 	C:\Windows\WinSxS\x86_microsoft.windows.common-controls_6595b64144ccf1df_6.0.7601.17514_none_41e6975e2bd6f2b2\COMCTL32.dll
0x75180000 - 0x751d7000 	C:\Windows\syswow64\SHLWAPI.dll
0x77060000 - 0x770c0000 	C:\Windows\system32\IMM32.DLL
0x75ac0000 - 0x75b8c000 	C:\Windows\syswow64\MSCTF.dll
0x6b100000 - 0x6b1bf000 	C:\Program Files (x86)\Java\jre7\bin\msvcr100.dll
0x72e90000 - 0x73210000 	C:\Program Files (x86)\Java\jre7\bin\client\jvm.dll
0x74250000 - 0x74257000 	C:\Windows\system32\WSOCK32.dll
0x75000000 - 0x75035000 	C:\Windows\syswow64\WS2_32.dll
0x75990000 - 0x75996000 	C:\Windows\syswow64\NSI.dll
0x720b0000 - 0x720e2000 	C:\Windows\system32\WINMM.dll
0x75930000 - 0x75935000 	C:\Windows\syswow64\PSAPI.DLL
0x73230000 - 0x7323c000 	C:\Program Files (x86)\Java\jre7\bin\verify.dll
0x72db0000 - 0x72dd0000 	C:\Program Files (x86)\Java\jre7\bin\java.dll
0x72d90000 - 0x72da3000 	C:\Program Files (x86)\Java\jre7\bin\zip.dll
0x71f50000 - 0x7203b000 	C:\Windows\system32\dbghelp.dll

VM Arguments:
jvm_args: -Dfile.encoding=Cp1252 -Xbootclasspath:F:\jvgengo\Softwares\adt-bundle-windows-x86-20140321\sdk\platforms\android-19\android.jar 
java_command: br.com.android.cotuca.toptask.ChatServer
Launcher Type: SUN_STANDARD

Environment Variables:
JAVA_HOME="C:\Program Files (x86)\JAVA\jdk1.7.0\"
PATH=C:/Program Files (x86)/Java/jre7/bin/client;C:/Program Files (x86)/Java/jre7/bin;C:/Program Files (x86)/Java/jre7/lib/i386;C:\Windows\Microsoft.NET\Framework\v1.1.4322\;C:\Program Files (x86)\Borland\BDS\4.0\Bin;C:\Program Files (x86)\CollabNet;C:\Program Files (x86)\Embarcadero\RAD Studio\11.0\bin;C:\Program Files (x86)\Embarcadero\RAD Studio\11.0\bin64;C:\PROGRA~1\PTC\MKSTOO~1\bin64;C:\PROGRA~1\PTC\MKSTOO~1\bin;C:\PROGRA~1\PTC\MKSTOO~1\bin\X11;C:\PROGRA~1\PTC\MKSTOO~1\mksnt;C:\GTK\bin;C:\Program Files (x86)\HP SimplePass 2011\x64;C:\Program Files (x86)\HP SimplePass 2011\;C:\Windows\system32;C:\Windows;C:\Windows\System32\Wbem;C:\Windows\System32\WindowsPowerShell\v1.0\;c:\Program Files\Intel\DMIX;C:\Program Files (x86)\Intel\Services\IPT\;PROGRAMFILES\Internet Explorer;C:\Program Files\Microsoft\Web Platform Installer\;C:\Program Files (x86)\Microsoft ASP.NET\ASP.NET Web Pages\v1.0\;C:\Program Files (x86)\Windows Kits\8.0\Windows Performance Toolkit\;C:\Program Files\Microsoft SQL Server\110\Tools\Binn\;C:\Program Files (x86)\Microsoft SQL Server\110\Tools\Binn\ManagementStudio\;C:\Program Files (x86)\Microsoft SQL Server\110\Tools\Binn\;C:\Program Files (x86)\Microsoft SQL Server\110\DTS\Binn\;C:\Program Files (x86)\Intel\OpenCL SDK\2.0\bin\x86;C:\Program Files (x86)\Intel\OpenCL SDK\2.0\bin\x64;C:\Program Files\nodejs\;F:\jvgengo\Softwares\adt-bundle-windows-x86-20140321\eclipse;
USERNAME=u12176
DISPLAY=:0.0
OS=Windows_NT
PROCESSOR_IDENTIFIER=Intel64 Family 6 Model 42 Stepping 7, GenuineIntel



---------------  S Y S T E M  ---------------

OS: Windows 7 , 64 bit Build 7601 Service Pack 1

CPU:total 4 (4 cores per cpu, 1 threads per core) family 6 model 42 stepping 7, cmov, cx8, fxsr, mmx, sse, sse2, sse3, ssse3, sse4.1, sse4.2, popcnt, avx, aes, tsc, tscinvbit

Memory: 4k page, physical 8273936k(5005672k free), swap 16546008k(12409376k free)

vm_info: Java HotSpot(TM) Client VM (24.51-b03) for windows-x86 JRE (1.7.0_51-b13), built on Dec 18 2013 19:09:58 by "java_re" with unknown MS VC++:1600

time: Fri May 09 09:56:36 2014
elapsed time: 0 seconds

